# JRE version: OpenJDK Runtime Environment (8.0_242) (build 1.8.0_242-release-1644-b3-6222593)
# Java VM: OpenJDK 64-Bit Server VM (25.242-b3-6222593 mixed mode linux-amd64 compressed oops)
Heap:
 PSYoungGen      total 473088K, used 6474K [0x00000000d5580000, 0x00000000f5e80000, 0x0000000100000000)
  eden space 416768K, 0% used [0x00000000d5580000,0x00000000d5580000,0x00000000eec80000)
  from space 56320K, 11% used [0x00000000f2780000,0x00000000f2dd2b58,0x00000000f5e80000)
  to   space 45568K, 0% used [0x00000000efb00000,0x00000000efb00000,0x00000000f2780000)
 ParOldGen       total 164864K, used 162999K [0x0000000080000000, 0x000000008a100000, 0x00000000d5580000)
  object space 164864K, 98% used [0x0000000080000000,0x0000000089f2dea0,0x000000008a100000)
 Metaspace       used 98147K, capacity 105240K, committed 105368K, reserved 1140736K
  class space    used 13036K, capacity 14401K, committed 14512K, reserved 1048576K
GC Heap History (10 events):
Event: 309.402 GC heap after
Heap after GC invocations=17 (full 3):
 PSYoungGen      total 373760K, used 21488K [0x00000000d5580000, 0x00000000efa80000, 0x0000000100000000)
  eden space 352256K, 0% used [0x00000000d5580000,0x00000000d5580000,0x00000000ead80000)
  from space 21504K, 99% used [0x00000000ee000000,0x00000000ef4fc130,0x00000000ef500000)
  to   space 39424K, 0% used [0x00000000ead80000,0x00000000ead80000,0x00000000ed400000)
 ParOldGen       total 87552K, used 87253K [0x0000000080000000, 0x0000000085580000, 0x00000000d5580000)
  object space 87552K, 99% used [0x0000000080000000,0x0000000085535668,0x0000000085580000)
 Metaspace       used 83646K, capacity 87514K, committed 87832K, reserved 1126400K
  class space    used 10796K, capacity 11524K, committed 11568K, reserved 1048576K
}
Event: 309.403 GC heap before
{Heap before GC invocations=18 (full 4):
 PSYoungGen      total 373760K, used 21488K [0x00000000d5580000, 0x00000000efa80000, 0x0000000100000000)
  eden space 352256K, 0% used [0x00000000d5580000,0x00000000d5580000,0x00000000ead80000)
  from space 21504K, 99% used [0x00000000ee000000,0x00000000ef4fc130,0x00000000ef500000)
  to   space 39424K, 0% used [0x00000000ead80000,0x00000000ead80000,0x00000000ed400000)
 ParOldGen       total 87552K, used 87253K [0x0000000080000000, 0x0000000085580000, 0x00000000d5580000)
  object space 87552K, 99% used [0x0000000080000000,0x0000000085535668,0x0000000085580000)
 Metaspace       used 83646K, capacity 87514K, committed 87832K, reserved 1126400K
  class space    used 10796K, capacity 11524K, committed 11568K, reserved 1048576K
Event: 309.690 GC heap after
Heap after GC invocations=18 (full 4):
 PSYoungGen      total 373760K, used 1971K [0x00000000d5580000, 0x00000000efa80000, 0x0000000100000000)
  eden space 352256K, 0% used [0x00000000d5580000,0x00000000d5580000,0x00000000ead80000)
  from space 21504K, 9% used [0x00000000ee000000,0x00000000ee1ecf68,0x00000000ef500000)
  to   space 39424K, 0% used [0x00000000ead80000,0x00000000ead80000,0x00000000ed400000)
 ParOldGen       total 148480K, used 87103K [0x0000000080000000, 0x0000000089100000, 0x00000000d5580000)
  object space 148480K, 58% used [0x0000000080000000,0x000000008550fee0,0x0000000089100000)
 Metaspace       used 83539K, capacity 87200K, committed 87832K, reserved 1126400K
  class space    used 10765K, capacity 11467K, committed 11568K, reserved 1048576K
}
Event: 317.778 GC heap before
{Heap before GC invocations=19 (full 4):
 PSYoungGen      total 373760K, used 354227K [0x00000000d5580000, 0x00000000efa80000, 0x0000000100000000)
  eden space 352256K, 100% used [0x00000000d5580000,0x00000000ead80000,0x00000000ead80000)
  from space 21504K, 9% used [0x00000000ee000000,0x00000000ee1ecf68,0x00000000ef500000)
  to   space 39424K, 0% used [0x00000000ead80000,0x00000000ead80000,0x00000000ed400000)
 ParOldGen       total 148480K, used 87103K [0x0000000080000000, 0x0000000089100000, 0x00000000d5580000)
  object space 148480K, 58% used [0x0000000080000000,0x000000008550fee0,0x0000000089100000)
 Metaspace       used 94078K, capacity 100294K, committed 100504K, reserved 1136640K
  class space    used 12497K, capacity 13712K, committed 13744K, reserved 1048576K
Event: 317.819 GC heap after
Heap after GC invocations=19 (full 4):
 PSYoungGen      total 391680K, used 39395K [0x00000000d5580000, 0x00000000f7980000, 0x0000000100000000)
  eden space 352256K, 0% used [0x00000000d5580000,0x00000000d5580000,0x00000000ead80000)
  from space 39424K, 99% used [0x00000000ead80000,0x00000000ed3f8c18,0x00000000ed400000)
  to   space 47104K, 0% used [0x00000000f4b80000,0x00000000f4b80000,0x00000000f7980000)
 ParOldGen       total 148480K, used 90249K [0x0000000080000000, 0x0000000089100000, 0x00000000d5580000)
  object space 148480K, 60% used [0x0000000080000000,0x0000000085822450,0x0000000089100000)
 Metaspace       used 94078K, capacity 100294K, committed 100504K, reserved 1136640K
  class space    used 12497K, capacity 13712K, committed 13744K, reserved 1048576K
}
Event: 444.273 GC heap before
{Heap before GC invocations=20 (full 4):
 PSYoungGen      total 391680K, used 391651K [0x00000000d5580000, 0x00000000f7980000, 0x0000000100000000)
  eden space 352256K, 100% used [0x00000000d5580000,0x00000000ead80000,0x00000000ead80000)
  from space 39424K, 99% used [0x00000000ead80000,0x00000000ed3f8c18,0x00000000ed400000)
  to   space 47104K, 0% used [0x00000000f4b80000,0x00000000f4b80000,0x00000000f7980000)
 ParOldGen       total 148480K, used 90249K [0x0000000080000000, 0x0000000089100000, 0x00000000d5580000)
  object space 148480K, 60% used [0x0000000080000000,0x0000000085822450,0x0000000089100000)
 Metaspace       used 97129K, capacity 103848K, committed 104088K, reserved 1138688K
  class space    used 12915K, capacity 14233K, committed 14256K, reserved 1048576K
Event: 444.356 GC heap after
Heap after GC invocations=20 (full 4):
 PSYoungGen      total 345600K, used 8615K [0x00000000d5580000, 0x00000000f5400000, 0x0000000100000000)
  eden space 336896K, 0% used [0x00000000d5580000,0x00000000d5580000,0x00000000e9e80000)
  from space 8704K, 98% used [0x00000000f4b80000,0x00000000f53e9ce8,0x00000000f5400000)
  to   space 45568K, 0% used [0x00000000efb00000,0x00000000efb00000,0x00000000f2780000)
 ParOldGen       total 148480K, used 105810K [0x0000000080000000, 0x0000000089100000, 0x00000000d5580000)
  object space 148480K, 71% used [0x0000000080000000,0x0000000086754910,0x0000000089100000)
 Metaspace       used 97129K, capacity 103848K, committed 104088K, reserved 1138688K
  class space    used 12915K, capacity 14233K, committed 14256K, reserved 1048576K
}
Event: 448.939 GC heap before
{Heap before GC invocations=21 (full 4):
 PSYoungGen      total 345600K, used 345511K [0x00000000d5580000, 0x00000000f5400000, 0x0000000100000000)
  eden space 336896K, 100% used [0x00000000d5580000,0x00000000e9e80000,0x00000000e9e80000)
  from space 8704K, 98% used [0x00000000f4b80000,0x00000000f53e9ce8,0x00000000f5400000)
  to   space 45568K, 0% used [0x00000000efb00000,0x00000000efb00000,0x00000000f2780000)
 ParOldGen       total 148480K, used 105810K [0x0000000080000000, 0x0000000089100000, 0x00000000d5580000)
  object space 148480K, 71% used [0x0000000080000000,0x0000000086754910,0x0000000089100000)
 Metaspace       used 97662K, capacity 104684K, committed 104984K, reserved 1140736K
  class space    used 12982K, capacity 14337K, committed 14384K, reserved 1048576K
Event: 449.014 GC heap after
Heap after GC invocations=21 (full 4):
 PSYoungGen      total 462336K, used 45560K [0x00000000d5580000, 0x00000000f5e80000, 0x0000000100000000)
  eden space 416768K, 0% used [0x00000000d5580000,0x00000000d5580000,0x00000000eec80000)
  from space 45568K, 99% used [0x00000000efb00000,0x00000000f277e2e8,0x00000000f2780000)
  to   space 56320K, 0% used [0x00000000f2780000,0x00000000f2780000,0x00000000f5e80000)
 ParOldGen       total 148480K, used 118750K [0x0000000080000000, 0x0000000089100000, 0x00000000d5580000)
  object space 148480K, 79% used [0x0000000080000000,0x00000000873f7a28,0x0000000089100000)
 Metaspace       used 97662K, capacity 104684K, committed 104984K, reserved 1140736K
  class space    used 12982K, capacity 14337K, committed 14384K, reserved 1048576K
}
Event: 450.809 GC heap before
{Heap before GC invocations=22 (full 4):
 PSYoungGen      total 462336K, used 462328K [0x00000000d5580000, 0x00000000f5e80000, 0x0000000100000000)
  eden space 416768K, 100% used [0x00000000d5580000,0x00000000eec80000,0x00000000eec80000)
  from space 45568K, 99% used [0x00000000efb00000,0x00000000f277e2e8,0x00000000f2780000)
  to   space 56320K, 0% used [0x00000000f2780000,0x00000000f2780000,0x00000000f5e80000)
 ParOldGen       total 148480K, used 118750K [0x0000000080000000, 0x0000000089100000, 0x00000000d5580000)
  object space 148480K, 79% used [0x0000000080000000,0x00000000873f7a28,0x0000000089100000)
 Metaspace       used 98147K, capacity 105240K, committed 105368K, reserved 1140736K
  class space    used 13036K, capacity 14401K, committed 14512K, reserved 1048576K

